#
# There is insufficient memory for the Java Runtime Environment to continue.
# Native memory allocation (malloc) failed to allocate 32744 bytes. Error detail: Chunk::new
# Possible reasons:
#   The system is out of physical RAM or swap space
#   This process is running with CompressedOops enabled, and the Java Heap may be blocking the growth of the native heap
# Possible solutions:
#   Reduce memory load on the system
#   Increase physical memory or swap space
#   Check if swap backing store is full
#   Decrease Java heap size (-Xmx/-Xms)
#   Decrease number of Java threads
#   Decrease Java thread stack sizes (-Xss)
#   Set larger code cache with -XX:ReservedCodeCacheSize=
#   JVM is running with Unscaled Compressed Oops mode in which the Java heap is
#     placed in the first 4GB address space. The Java Heap base address is the
#     maximum limit for the native heap growth. Please use -XX:HeapBaseMinAddress
#     to set the Java Heap base and to place the Java Heap above 4GB virtual address.
# This output file may be truncated or incomplete.
#
#  Out of Memory Error (arena.cpp:168), pid=34740, tid=24320
#
# JRE version: OpenJDK Runtime Environment Temurin-21.0.8+9 (21.0.8+9) (build 21.0.8+9-LTS)
# Java VM: OpenJDK 64-Bit Server VM Temurin-21.0.8+9 (21.0.8+9-LTS, mixed mode, sharing, tiered, compressed oops, compressed class ptrs, parallel gc, windows-amd64)
# No core dump will be written. Minidumps are not enabled by default on client versions of Windows
#

---------------  S U M M A R Y ------------

Command Line: --add-modules=ALL-SYSTEM --add-opens=java.base/java.util=ALL-UNNAMED --add-opens=java.base/java.lang=ALL-UNNAMED --add-opens=java.base/sun.nio.fs=ALL-UNNAMED -Declipse.application=org.eclipse.jdt.ls.core.id1 -Dosgi.bundles.defaultStartLevel=4 -Declipse.product=org.eclipse.jdt.ls.core.product -Djava.import.generatesMetadataFilesAtProjectRoot=false -DDetectVMInstallationsJob.disabled=true -Dfile.encoding=utf8 -XX:+UseParallelGC -XX:GCTimeRatio=4 -XX:AdaptiveSizePolicyWeight=90 -Dsun.zip.disableMemoryMapping=true -Xmx2G -Xms100m -Xlog:disable -javaagent:c:\Users\55119\.vscode\extensions\redhat.java-1.44.0-win32-x64\lombok\lombok-1.18.39-4050.jar -XX:+HeapDumpOnOutOfMemoryError -XX:HeapDumpPath=c:\Users\55119\AppData\Roaming\Code\User\workspaceStorage\667c0acd4bf9e8bb9a0e661e0c277ef0\redhat.java -Daether.dependencyCollector.impl=bf c:\Users\55119\.vscode\extensions\redhat.java-1.44.0-win32-x64\server\plugins\org.eclipse.equinox.launcher_1.7.0.v20250519-0528.jar -configuration c:\Users\55119\AppData\Roaming\Code\User\globalStorage\redhat.java\1.44.0\config_win -data c:\Users\55119\AppData\Roaming\Code\User\workspaceStorage\667c0acd4bf9e8bb9a0e661e0c277ef0\redhat.java\jdt_ws --pipe=\\.\pipe\lsp-205825bd8a5fd1ad321e4b9b1f87f840-sock

Host: AMD Ryzen 5 5500U with Radeon Graphics         , 12 cores, 5G,  Windows 11 , 64 bit Build 22621 (10.0.22621.5415)
Time: Thu Aug 28 10:25:22 2025 Hora oficial do Brasil elapsed time: 16.180866 seconds (0d 0h 0m 16s)

---------------  T H R E A D  ---------------

Current thread (0x000001e187991030):  JavaThread "C2 CompilerThread0" daemon [_thread_in_native, id=24320, stack(0x000000615a900000,0x000000615aa00000) (1024K)]


Current CompileTask:
C2:16181 1786       4       java.lang.StringLatin1::toLowerCase (186 bytes)

Stack: [0x000000615a900000,0x000000615aa00000]
Native frames: (J=compiled Java code, j=interpreted, Vv=VM code, C=native code)
V  [jvm.dll+0x6d2449]
V  [jvm.dll+0x8ae341]
V  [jvm.dll+0x8b08be]
V  [jvm.dll+0x8b0fa3]
V  [jvm.dll+0x280c96]
V  [jvm.dll+0xc581d]
V  [jvm.dll+0xc5d53]
V  [jvm.dll+0xc5945]
V  [jvm.dll+0x6ae837]
V  [jvm.dll+0x8cfb4]
V  [jvm.dll+0x6abe0e]
V  [jvm.dll+0x6e2b5d]
V  [jvm.dll+0x24800e]
V  [jvm.dll+0x1c89ee]
V  [jvm.dll+0x257d4d]
V  [jvm.dll+0x2562ea]
V  [jvm.dll+0x3f2d16]
V  [jvm.dll+0x857e6b]
V  [jvm.dll+0x6d0b0d]
C  [ucrtbase.dll+0x29333]
C  [KERNEL32.DLL+0x1259d]
C  [ntdll.dll+0x5af78]


---------------  P R O C E S S  ---------------

Threads class SMR info:
_java_thread_list=0x000001e18c196db0, length=12, elements={
0x000001e12bbba040, 0x000001e12dffdc80, 0x000001e187984090, 0x000001e1879896d0,
0x000001e187989ff0, 0x000001e18798b6f0, 0x000001e18798db40, 0x000001e187991030,
0x000001e1879c3800, 0x000001e187aa38b0, 0x000001e187ce2c40, 0x000001e18c489a90
}

Java Threads: ( => current thread )
  0x000001e12bbba040 JavaThread "main"                              [_thread_in_native, id=2356, stack(0x0000006159f00000,0x000000615a000000) (1024K)]
  0x000001e12dffdc80 JavaThread "Reference Handler"          daemon [_thread_blocked, id=34420, stack(0x000000615a300000,0x000000615a400000) (1024K)]
  0x000001e187984090 JavaThread "Finalizer"                  daemon [_thread_blocked, id=27880, stack(0x000000615a400000,0x000000615a500000) (1024K)]
  0x000001e1879896d0 JavaThread "Signal Dispatcher"          daemon [_thread_blocked, id=34864, stack(0x000000615a500000,0x000000615a600000) (1024K)]
  0x000001e187989ff0 JavaThread "Attach Listener"            daemon [_thread_blocked, id=31104, stack(0x000000615a600000,0x000000615a700000) (1024K)]
  0x000001e18798b6f0 JavaThread "Service Thread"             daemon [_thread_blocked, id=8604, stack(0x000000615a700000,0x000000615a800000) (1024K)]
  0x000001e18798db40 JavaThread "Monitor Deflation Thread"   daemon [_thread_blocked, id=24984, stack(0x000000615a800000,0x000000615a900000) (1024K)]
=>0x000001e187991030 JavaThread "C2 CompilerThread0"         daemon [_thread_in_native, id=24320, stack(0x000000615a900000,0x000000615aa00000) (1024K)]
  0x000001e1879c3800 JavaThread "C1 CompilerThread0"         daemon [_thread_blocked, id=33332, stack(0x000000615aa00000,0x000000615ab00000) (1024K)]
  0x000001e187aa38b0 JavaThread "Common-Cleaner"             daemon [_thread_blocked, id=20292, stack(0x000000615ab00000,0x000000615ac00000) (1024K)]
  0x000001e187ce2c40 JavaThread "Notification Thread"        daemon [_thread_blocked, id=30676, stack(0x000000615ac00000,0x000000615ad00000) (1024K)]
  0x000001e18c489a90 JavaThread "Active Thread: Equinox Container: 3ac18296-f0e6-4a54-9193-74bb0dfc3023"        [_thread_blocked, id=32496, stack(0x000000615b300000,0x000000615b400000) (1024K)]
Total: 12

Other Threads:
  0x000001e12dfe5f70 VMThread "VM Thread"                           [id=22952, stack(0x000000615a200000,0x000000615a300000) (1024K)]
  0x000001e12dedca00 WatcherThread "VM Periodic Task Thread"        [id=19672, stack(0x000000615a100000,0x000000615a200000) (1024K)]
  0x000001e12e06e9d0 WorkerThread "GC Thread#0"                     [id=13904, stack(0x000000615a000000,0x000000615a100000) (1024K)]
  0x000001e18c300710 WorkerThread "GC Thread#1"                     [id=35528, stack(0x000000615ad00000,0x000000615ae00000) (1024K)]
  0x000001e18c30f320 WorkerThread "GC Thread#2"                     [id=14928, stack(0x000000615ae00000,0x000000615af00000) (1024K)]
  0x000001e187d33910 WorkerThread "GC Thread#3"                     [id=30592, stack(0x000000615af00000,0x000000615b000000) (1024K)]
  0x000001e187d33cb0 WorkerThread "GC Thread#4"                     [id=25084, stack(0x000000615b000000,0x000000615b100000) (1024K)]
  0x000001e187d34050 WorkerThread "GC Thread#5"                     [id=21280, stack(0x000000615b100000,0x000000615b200000) (1024K)]
  0x000001e18c015df0 WorkerThread "GC Thread#6"                     [id=24824, stack(0x000000615b200000,0x000000615b300000) (1024K)]
  0x000001e18c451590 WorkerThread "GC Thread#7"                     [id=14944, stack(0x000000615b400000,0x000000615b500000) (1024K)]
Total: 10

Threads with active compile tasks:
C2 CompilerThread0  16247 1786       4       java.lang.StringLatin1::toLowerCase (186 bytes)
Total: 1

VM state: not at safepoint (normal execution)

VM Mutex/Monitor currently owned by a thread: None

Heap address: 0x0000000080000000, size: 2048 MB, Compressed Oops mode: 32-bit

CDS archive(s) mapped at: [0x000001e145000000-0x000001e145ba0000-0x000001e145ba0000), size 12189696, SharedBaseAddress: 0x000001e145000000, ArchiveRelocationMode: 1.
Compressed class space mapped at: 0x000001e146000000-0x000001e186000000, reserved size: 1073741824
Narrow klass base: 0x000001e145000000, Narrow klass shift: 0, Narrow klass range: 0x100000000

GC Precious Log:
 CardTable entry size: 512
 CPUs: 12 total, 12 available
 Memory: 5989M
 Large Page Support: Disabled
 NUMA Support: Disabled
 Compressed Oops: Enabled (32-bit)
 Alignments: Space 512K, Generation 512K, Heap 2M
 Heap Min Capacity: 100M
 Heap Initial Capacity: 100M
 Heap Max Capacity: 2G
 Pre-touch: Disabled
 Parallel Workers: 10

Heap:
 PSYoungGen      total 29696K, used 4742K [0x00000000d5580000, 0x00000000d7680000, 0x0000000100000000)
  eden space 25600K, 2% used [0x00000000d5580000,0x00000000d5624688,0x00000000d6e80000)
  from space 4096K, 99% used [0x00000000d7280000,0x00000000d767d530,0x00000000d7680000)
  to   space 4096K, 0% used [0x00000000d6e80000,0x00000000d6e80000,0x00000000d7280000)
 ParOldGen       total 68608K, used 1741K [0x0000000080000000, 0x0000000084300000, 0x00000000d5580000)
  object space 68608K, 2% used [0x0000000080000000,0x00000000801b36b8,0x0000000084300000)
 Metaspace       used 8006K, committed 8320K, reserved 1114112K
  class space    used 831K, committed 960K, reserved 1048576K

Card table byte_map: [0x000001e12d9f0000,0x000001e12de00000] _byte_map_base: 0x000001e12d5f0000

Marking Bits: (ParMarkBitMap*) 0x00007ffe7e2ca340
 Begin Bits: [0x000001e1404f0000, 0x000001e1424f0000)
 End Bits:   [0x000001e1424f0000, 0x000001e1444f0000)

Polling page: 0x000001e12be50000

Metaspace:

Usage:
  Non-class:      7.01 MB used.
      Class:    831.00 KB used.
       Both:      7.82 MB used.

Virtual space:
  Non-class space:       64.00 MB reserved,       7.19 MB ( 11%) committed,  1 nodes.
      Class space:        1.00 GB reserved,     960.00 KB ( <1%) committed,  1 nodes.
             Both:        1.06 GB reserved,       8.12 MB ( <1%) committed. 

Chunk freelists:
   Non-Class:  8.80 MB
       Class:  14.91 MB
        Both:  23.70 MB

MaxMetaspaceSize: unlimited
CompressedClassSpaceSize: 1.00 GB
Initial GC threshold: 21.00 MB
Current GC threshold: 21.00 MB
CDS: on
 - commit_granule_bytes: 65536.
 - commit_granule_words: 8192.
 - virtual_space_node_default_size: 8388608.
 - enlarge_chunks_in_place: 1.
 - use_allocation_guard: 0.


Internal statistics:

num_allocs_failed_limit: 0.
num_arena_births: 228.
num_arena_deaths: 0.
num_vsnodes_births: 2.
num_vsnodes_deaths: 0.
num_space_committed: 130.
num_space_uncommitted: 0.
num_chunks_returned_to_freelist: 0.
num_chunks_taken_from_freelist: 414.
num_chunk_merges: 0.
num_chunk_splits: 268.
num_chunks_enlarged: 182.
num_inconsistent_stats: 0.

CodeHeap 'non-profiled nmethods': size=120000Kb used=697Kb max_used=697Kb free=119302Kb
 bounds [0x000001e138d10000, 0x000001e138f80000, 0x000001e140240000]
CodeHeap 'profiled nmethods': size=120000Kb used=3310Kb max_used=3310Kb free=116690Kb
 bounds [0x000001e131240000, 0x000001e131580000, 0x000001e138770000]
CodeHeap 'non-nmethods': size=5760Kb used=1216Kb max_used=1236Kb free=4543Kb
 bounds [0x000001e138770000, 0x000001e1389e0000, 0x000001e138d10000]
CodeCache: size=245760Kb, used=5223Kb, max_used=5243Kb, free=240535Kb
 total_blobs=2269, nmethods=1786, adapters=390, full_count=0
Compilation: enabled, stopped_count=0, restarted_count=0

Compilation events (20 events):
Event: 15.270 Thread 0x000001e1879c3800 nmethod 1776 0x000001e131578090 code [0x000001e131578240, 0x000001e131578408]
Event: 15.270 Thread 0x000001e1879c3800 1777       3       org.eclipse.core.runtime.adaptor.EclipseStarter::createURL (52 bytes)
Event: 15.271 Thread 0x000001e1879c3800 nmethod 1777 0x000001e131578510 code [0x000001e1315787c0, 0x000001e131579398]
Event: 15.271 Thread 0x000001e1879c3800 1778       3       java.lang.ref.Reference::enqueueFromPending (19 bytes)
Event: 15.271 Thread 0x000001e1879c3800 nmethod 1778 0x000001e131579910 code [0x000001e131579ac0, 0x000001e131579cd8]
Event: 15.271 Thread 0x000001e1879c3800 1779       3       java.lang.ref.ReferenceQueue::enqueue0 (98 bytes)
Event: 15.272 Thread 0x000001e1879c3800 nmethod 1779 0x000001e131579d90 code [0x000001e131579f60, 0x000001e13157a498]
Event: 15.299 Thread 0x000001e187991030 1780       4       java.lang.CharacterDataLatin1::equalsIgnoreCase (63 bytes)
Event: 15.299 Thread 0x000001e187991030 nmethod 1780 0x000001e138dbda10 code [0x000001e138dbdba0, 0x000001e138dbdc48]
Event: 15.299 Thread 0x000001e187991030 1781       4       java.lang.String::<init> (74 bytes)
Event: 15.303 Thread 0x000001e187991030 nmethod 1781 0x000001e138dbdd10 code [0x000001e138dbdec0, 0x000001e138dbe2a0]
Event: 15.748 Thread 0x000001e1879c3800 1782       3       java.net.URL::<init> (11 bytes)
Event: 15.748 Thread 0x000001e1879c3800 nmethod 1782 0x000001e13157a590 code [0x000001e13157a740, 0x000001e13157a888]
Event: 16.008 Thread 0x000001e1879c3800 1783       3       jdk.internal.misc.CarrierThreadLocal::get (10 bytes)
Event: 16.009 Thread 0x000001e1879c3800 nmethod 1783 0x000001e13157a910 code [0x000001e13157aae0, 0x000001e13157ada0]
Event: 16.009 Thread 0x000001e1879c3800 1784       3       java.lang.System$2::getCarrierThreadLocal (5 bytes)
Event: 16.009 Thread 0x000001e1879c3800 nmethod 1784 0x000001e13157ae90 code [0x000001e13157b040, 0x000001e13157b298]
Event: 16.009 Thread 0x000001e1879c3800 1785       3       sun.net.www.protocol.file.Handler::parseURL (18 bytes)
Event: 16.009 Thread 0x000001e1879c3800 nmethod 1785 0x000001e13157b390 code [0x000001e13157b540, 0x000001e13157b700]
Event: 16.134 Thread 0x000001e187991030 1786       4       java.lang.StringLatin1::toLowerCase (186 bytes)

GC Heap History (4 events):
Event: 1.090 GC heap before
{Heap before GC invocations=1 (full 0):
 PSYoungGen      total 29696K, used 25600K [0x00000000d5580000, 0x00000000d7680000, 0x0000000100000000)
  eden space 25600K, 100% used [0x00000000d5580000,0x00000000d6e80000,0x00000000d6e80000)
  from space 4096K, 0% used [0x00000000d7280000,0x00000000d7280000,0x00000000d7680000)
  to   space 4096K, 0% used [0x00000000d6e80000,0x00000000d6e80000,0x00000000d7280000)
 ParOldGen       total 68608K, used 0K [0x0000000080000000, 0x0000000084300000, 0x00000000d5580000)
  object space 68608K, 0% used [0x0000000080000000,0x0000000080000000,0x0000000084300000)
 Metaspace       used 4312K, committed 4544K, reserved 1114112K
  class space    used 471K, committed 576K, reserved 1048576K
}
Event: 1.097 GC heap after
{Heap after GC invocations=1 (full 0):
 PSYoungGen      total 29696K, used 3350K [0x00000000d5580000, 0x00000000d7680000, 0x0000000100000000)
  eden space 25600K, 0% used [0x00000000d5580000,0x00000000d5580000,0x00000000d6e80000)
  from space 4096K, 81% used [0x00000000d6e80000,0x00000000d71c5ba8,0x00000000d7280000)
  to   space 4096K, 0% used [0x00000000d7280000,0x00000000d7280000,0x00000000d7680000)
 ParOldGen       total 68608K, used 16K [0x0000000080000000, 0x0000000084300000, 0x00000000d5580000)
  object space 68608K, 0% used [0x0000000080000000,0x0000000080004000,0x0000000084300000)
 Metaspace       used 4312K, committed 4544K, reserved 1114112K
  class space    used 471K, committed 576K, reserved 1048576K
}
Event: 15.261 GC heap before
{Heap before GC invocations=2 (full 0):
 PSYoungGen      total 29696K, used 28950K [0x00000000d5580000, 0x00000000d7680000, 0x0000000100000000)
  eden space 25600K, 100% used [0x00000000d5580000,0x00000000d6e80000,0x00000000d6e80000)
  from space 4096K, 81% used [0x00000000d6e80000,0x00000000d71c5ba8,0x00000000d7280000)
  to   space 4096K, 0% used [0x00000000d7280000,0x00000000d7280000,0x00000000d7680000)
 ParOldGen       total 68608K, used 16K [0x0000000080000000, 0x0000000084300000, 0x00000000d5580000)
  object space 68608K, 0% used [0x0000000080000000,0x0000000080004000,0x0000000084300000)
 Metaspace       used 7994K, committed 8320K, reserved 1114112K
  class space    used 831K, committed 960K, reserved 1048576K
}
Event: 15.269 GC heap after
{Heap after GC invocations=2 (full 0):
 PSYoungGen      total 29696K, used 4085K [0x00000000d5580000, 0x00000000d7680000, 0x0000000100000000)
  eden space 25600K, 0% used [0x00000000d5580000,0x00000000d5580000,0x00000000d6e80000)
  from space 4096K, 99% used [0x00000000d7280000,0x00000000d767d530,0x00000000d7680000)
  to   space 4096K, 0% used [0x00000000d6e80000,0x00000000d6e80000,0x00000000d7280000)
 ParOldGen       total 68608K, used 1741K [0x0000000080000000, 0x0000000084300000, 0x00000000d5580000)
  object space 68608K, 2% used [0x0000000080000000,0x00000000801b36b8,0x0000000084300000)
 Metaspace       used 7994K, committed 8320K, reserved 1114112K
  class space    used 831K, committed 960K, reserved 1048576K
}

Dll operation events (8 events):
Event: 0.016 Loaded shared library c:\Users\55119\.vscode\extensions\redhat.java-1.44.0-win32-x64\jre\21.0.8-win32-x86_64\bin\java.dll
Event: 0.273 Loaded shared library c:\Users\55119\.vscode\extensions\redhat.java-1.44.0-win32-x64\jre\21.0.8-win32-x86_64\bin\zip.dll
Event: 0.320 Loaded shared library C:\Users\55119\.vscode\extensions\redhat.java-1.44.0-win32-x64\jre\21.0.8-win32-x86_64\bin\instrument.dll
Event: 0.326 Loaded shared library C:\Users\55119\.vscode\extensions\redhat.java-1.44.0-win32-x64\jre\21.0.8-win32-x86_64\bin\net.dll
Event: 0.330 Loaded shared library C:\Users\55119\.vscode\extensions\redhat.java-1.44.0-win32-x64\jre\21.0.8-win32-x86_64\bin\nio.dll
Event: 0.335 Loaded shared library C:\Users\55119\.vscode\extensions\redhat.java-1.44.0-win32-x64\jre\21.0.8-win32-x86_64\bin\zip.dll
Event: 0.361 Loaded shared library C:\Users\55119\.vscode\extensions\redhat.java-1.44.0-win32-x64\jre\21.0.8-win32-x86_64\bin\jimage.dll
Event: 0.461 Loaded shared library c:\Users\55119\.vscode\extensions\redhat.java-1.44.0-win32-x64\jre\21.0.8-win32-x86_64\bin\verify.dll

Deoptimization events (20 events):
Event: 1.868 Thread 0x000001e12bbba040 Uncommon trap: trap_request=0xffffffde fr.pc=0x000001e138d20278 relative=0x00000000000008b8
Event: 1.868 Thread 0x000001e12bbba040 Uncommon trap: reason=class_check action=maybe_recompile pc=0x000001e138d20278 method=java.util.HashMap.putVal(ILjava/lang/Object;Ljava/lang/Object;ZZ)Ljava/lang/Object; @ 253 c2
Event: 1.868 Thread 0x000001e12bbba040 DEOPT PACKING pc=0x000001e138d20278 sp=0x0000006159ffe3b0
Event: 1.868 Thread 0x000001e12bbba040 DEOPT UNPACKING pc=0x000001e1387c3aa2 sp=0x0000006159ffe370 mode 2
Event: 3.099 Thread 0x000001e12bbba040 Uncommon trap: trap_request=0xffffffc6 fr.pc=0x000001e138d99520 relative=0x0000000000000680
Event: 3.099 Thread 0x000001e12bbba040 Uncommon trap: reason=bimorphic_or_optimized_type_check action=maybe_recompile pc=0x000001e138d99520 method=java.util.Collections$UnmodifiableCollection$1.<init>(Ljava/util/Collections$UnmodifiableCollection;)V @ 17 c2
Event: 3.099 Thread 0x000001e12bbba040 DEOPT PACKING pc=0x000001e138d99520 sp=0x0000006159ffe850
Event: 3.099 Thread 0x000001e12bbba040 DEOPT UNPACKING pc=0x000001e1387c3aa2 sp=0x0000006159ffe798 mode 2
Event: 3.102 Thread 0x000001e12bbba040 DEOPT PACKING pc=0x000001e1313bdb08 sp=0x0000006159ffc650
Event: 3.102 Thread 0x000001e12bbba040 DEOPT UNPACKING pc=0x000001e1387c4242 sp=0x0000006159ffbad0 mode 0
Event: 3.103 Thread 0x000001e12bbba040 DEOPT PACKING pc=0x000001e1313bdb08 sp=0x0000006159ffc960
Event: 3.103 Thread 0x000001e12bbba040 DEOPT UNPACKING pc=0x000001e1387c4242 sp=0x0000006159ffbde0 mode 0
Event: 3.103 Thread 0x000001e12bbba040 Uncommon trap: trap_request=0xffffff45 fr.pc=0x000001e138db0188 relative=0x00000000000009a8
Event: 3.103 Thread 0x000001e12bbba040 Uncommon trap: reason=unstable_if action=reinterpret pc=0x000001e138db0188 method=java.util.HashMap.putVal(ILjava/lang/Object;Ljava/lang/Object;ZZ)Ljava/lang/Object; @ 81 c2
Event: 3.103 Thread 0x000001e12bbba040 DEOPT PACKING pc=0x000001e138db0188 sp=0x0000006159ffd1c0
Event: 3.103 Thread 0x000001e12bbba040 DEOPT UNPACKING pc=0x000001e1387c3aa2 sp=0x0000006159ffd0e8 mode 2
Event: 3.104 Thread 0x000001e12bbba040 DEOPT PACKING pc=0x000001e1313bdb08 sp=0x0000006159ffc8b0
Event: 3.104 Thread 0x000001e12bbba040 DEOPT UNPACKING pc=0x000001e1387c4242 sp=0x0000006159ffbd30 mode 0
Event: 3.104 Thread 0x000001e12bbba040 DEOPT PACKING pc=0x000001e1313bdb08 sp=0x0000006159ffcbb0
Event: 3.104 Thread 0x000001e12bbba040 DEOPT UNPACKING pc=0x000001e1387c4242 sp=0x0000006159ffc030 mode 0

Classes loaded (20 events):
Event: 3.094 Loading class java/security/KeyStoreException
Event: 3.094 Loading class java/security/KeyStoreException done
Event: 3.457 Loading class java/util/LinkedList$Node
Event: 3.457 Loading class java/util/LinkedList$Node done
Event: 3.457 Loading class java/util/LinkedList$ListItr
Event: 3.458 Loading class java/util/LinkedList$ListItr done
Event: 3.460 Loading class java/lang/Thread$Builder$OfPlatform
Event: 3.460 Loading class java/lang/Thread$Builder
Event: 3.460 Loading class java/lang/Thread$Builder done
Event: 3.460 Loading class java/lang/Thread$Builder$OfPlatform done
Event: 3.460 Loading class java/lang/Thread$Builder$OfVirtual
Event: 3.460 Loading class java/lang/Thread$Builder$OfVirtual done
Event: 3.475 Loading class sun/nio/fs/WindowsChannelFactory
Event: 3.476 Loading class sun/nio/fs/WindowsChannelFactory done
Event: 3.476 Loading class sun/nio/fs/WindowsChannelFactory$1
Event: 3.476 Loading class sun/nio/fs/WindowsChannelFactory$1 done
Event: 3.476 Loading class sun/nio/fs/WindowsChannelFactory$Flags
Event: 3.476 Loading class sun/nio/fs/WindowsChannelFactory$Flags done
Event: 3.477 Loading class sun/nio/ch/FileChannelImpl$Closer
Event: 3.477 Loading class sun/nio/ch/FileChannelImpl$Closer done

Classes unloaded (0 events):
No events

Classes redefined (0 events):
No events

Internal exceptions (20 events):
Event: 0.889 Thread 0x000001e12bbba040 Exception <a 'java/lang/NoSuchMethodError'{0x00000000d654f3c0}: 'java.lang.Object java.lang.invoke.Invokers$Holder.invokeExact_MT(java.lang.Object, java.lang.Object, java.lang.Object, java.lang.Object, java.lang.Object, java.lang.Object)'> (0x00000000d654f3c0) 
thrown [s\src\hotspot\share\interpreter\linkResolver.cpp, line 773]
Event: 0.892 Thread 0x000001e12bbba040 Exception <a 'java/lang/NoSuchMethodError'{0x00000000d6566618}: 'int java.lang.invoke.DirectMethodHandle$Holder.invokeStatic(java.lang.Object, java.lang.Object, java.lang.Object, java.lang.Object, java.lang.Object)'> (0x00000000d6566618) 
thrown [s\src\hotspot\share\interpreter\linkResolver.cpp, line 773]
Event: 0.913 Thread 0x000001e12bbba040 Exception <a 'java/lang/NoSuchMethodError'{0x00000000d65fae78}: 'java.lang.Object java.lang.invoke.DirectMethodHandle$Holder.invokeInterface(java.lang.Object, java.lang.Object, int)'> (0x00000000d65fae78) 
thrown [s\src\hotspot\share\interpreter\linkResolver.cpp, line 773]
Event: 1.040 Thread 0x000001e12bbba040 Exception <a 'java/lang/NoSuchMethodError'{0x00000000d6a7f840}: 'java.lang.ClassLoader java.lang.ClassLoader.getPlatformClassLoader(java.lang.Class)'> (0x00000000d6a7f840) 
thrown [s\src\hotspot\share\interpreter\linkResolver.cpp, line 773]
Event: 1.101 Thread 0x000001e12bbba040 Exception <a 'java/lang/ClassNotFoundException'{0x00000000d5597638}: sun/net/www/protocol/c/Handler> (0x00000000d5597638) 
thrown [s\src\hotspot\share\classfile\systemDictionary.cpp, line 312]
Event: 1.101 Thread 0x000001e12bbba040 Exception <a 'java/lang/ClassNotFoundException'{0x00000000d55989e0}: sun/net/www/protocol/j/Handler> (0x00000000d55989e0) 
thrown [s\src\hotspot\share\classfile\systemDictionary.cpp, line 312]
Event: 1.101 Thread 0x000001e12bbba040 Exception <a 'java/lang/ClassNotFoundException'{0x00000000d5599bc8}: sun/net/www/protocol/c/Handler> (0x00000000d5599bc8) 
thrown [s\src\hotspot\share\classfile\systemDictionary.cpp, line 312]
Event: 1.110 Thread 0x000001e12bbba040 Exception <a 'java/io/FileNotFoundException'{0x00000000d55c22f8}> (0x00000000d55c22f8) 
thrown [s\src\hotspot\share\prims\jni.cpp, line 520]
Event: 1.145 Thread 0x000001e12bbba040 Implicit null exception at 0x000001e138d64c29 to 0x000001e138d65498
Event: 1.145 Thread 0x000001e12bbba040 Implicit null exception at 0x000001e138d6e99a to 0x000001e138d6eba8
Event: 1.146 Thread 0x000001e12bbba040 Exception <a 'java/lang/NoSuchMethodError'{0x00000000d57ae8c8}: 'void java.lang.invoke.DirectMethodHandle$Holder.invokeStatic(java.lang.Object, java.lang.Object, java.lang.Object, java.lang.Object)'> (0x00000000d57ae8c8) 
thrown [s\src\hotspot\share\interpreter\linkResolver.cpp, line 773]
Event: 1.147 Thread 0x000001e12bbba040 Implicit null exception at 0x000001e138d6a83d to 0x000001e138d6a8c1
Event: 1.242 Thread 0x000001e12bbba040 Exception <a 'java/lang/NoSuchMethodError'{0x00000000d5a47a30}: 'void java.lang.invoke.DirectMethodHandle$Holder.invokeSpecial(java.lang.Object, java.lang.Object, java.lang.Object)'> (0x00000000d5a47a30) 
thrown [s\src\hotspot\share\interpreter\linkResolver.cpp, line 773]
Event: 1.455 Thread 0x000001e12bbba040 Exception <a 'java/lang/NoSuchMethodError'{0x00000000d6462578}: 'int java.lang.invoke.DirectMethodHandle$Holder.invokeVirtual(java.lang.Object, java.lang.Object)'> (0x00000000d6462578) 
thrown [s\src\hotspot\share\interpreter\linkResolver.cpp, line 773]
Event: 1.514 Thread 0x000001e12bbba040 Exception <a 'java/lang/NoSuchMethodError'{0x00000000d65ea460}: 'int java.lang.invoke.DirectMethodHandle$Holder.invokeStaticInit(java.lang.Object, java.lang.Object, java.lang.Object, java.lang.Object)'> (0x00000000d65ea460) 
thrown [s\src\hotspot\share\interpreter\linkResolver.cpp, line 773]
Event: 1.515 Thread 0x000001e12bbba040 Exception <a 'java/lang/IncompatibleClassChangeError'{0x00000000d65f28e8}: Found class java.lang.Object, but interface was expected> (0x00000000d65f28e8) 
thrown [s\src\hotspot\share\interpreter\linkResolver.cpp, line 840]
Event: 1.516 Thread 0x000001e12bbba040 Exception <a 'java/lang/NoSuchMethodError'{0x00000000d65f9818}: 'void java.lang.invoke.DirectMethodHandle$Holder.invokeStaticInit(java.lang.Object, java.lang.Object)'> (0x00000000d65f9818) 
thrown [s\src\hotspot\share\interpreter\linkResolver.cpp, line 773]
Event: 1.517 Thread 0x000001e12bbba040 Exception <a 'java/lang/NoSuchMethodError'{0x00000000d66032a0}: 'int java.lang.invoke.DirectMethodHandle$Holder.invokeStaticInit(java.lang.Object, java.lang.Object)'> (0x00000000d66032a0) 
thrown [s\src\hotspot\share\interpreter\linkResolver.cpp, line 773]
Event: 1.563 Thread 0x000001e12bbba040 Exception <a 'java/lang/NoSuchMethodError'{0x00000000d6875370}: 'java.lang.Object java.lang.invoke.DirectMethodHandle$Holder.newInvokeSpecial(java.lang.Object, int, java.lang.Object)'> (0x00000000d6875370) 
thrown [s\src\hotspot\share\interpreter\linkResolver.cpp, line 773]
Event: 1.964 Thread 0x000001e12bbba040 Exception <a 'java/lang/ClassNotFoundException'{0x00000000d6a92218}: sun/net/www/protocol/plurl/Handler> (0x00000000d6a92218) 
thrown [s\src\hotspot\share\classfile\systemDictionary.cpp, line 312]

ZGC Phase Switch (0 events):
No events

VM Operations (20 events):
Event: 1.076 Executing VM operation: HandshakeAllThreads (Deoptimize)
Event: 1.077 Executing VM operation: HandshakeAllThreads (Deoptimize) done
Event: 1.090 Executing VM operation: ParallelGCFailedAllocation (Allocation Failure)
Event: 1.097 Executing VM operation: ParallelGCFailedAllocation (Allocation Failure) done
Event: 1.542 Executing VM operation: HandshakeAllThreads (Deoptimize)
Event: 1.542 Executing VM operation: HandshakeAllThreads (Deoptimize) done
Event: 1.551 Executing VM operation: HandshakeAllThreads (Deoptimize)
Event: 1.551 Executing VM operation: HandshakeAllThreads (Deoptimize) done
Event: 1.589 Executing VM operation: HandshakeAllThreads (Deoptimize)
Event: 1.589 Executing VM operation: HandshakeAllThreads (Deoptimize) done
Event: 1.959 Executing VM operation: HandshakeAllThreads (Deoptimize)
Event: 1.959 Executing VM operation: HandshakeAllThreads (Deoptimize) done
Event: 2.973 Executing VM operation: Cleanup
Event: 2.973 Executing VM operation: Cleanup done
Event: 3.973 Executing VM operation: Cleanup
Event: 3.973 Executing VM operation: Cleanup done
Event: 12.008 Executing VM operation: Cleanup
Event: 12.008 Executing VM operation: Cleanup done
Event: 15.261 Executing VM operation: ParallelGCFailedAllocation (Allocation Failure)
Event: 15.269 Executing VM operation: ParallelGCFailedAllocation (Allocation Failure) done

Memory protections (0 events):
No events

Nmethod flushes (0 events):
No events

Events (12 events):
Event: 0.096 Thread 0x000001e12bbba040 Thread added: 0x000001e12bbba040
Event: 0.214 Thread 0x000001e12bbba040 Thread added: 0x000001e12dffdc80
Event: 0.214 Thread 0x000001e12bbba040 Thread added: 0x000001e187984090
Event: 0.214 Thread 0x000001e12bbba040 Thread added: 0x000001e1879896d0
Event: 0.215 Thread 0x000001e12bbba040 Thread added: 0x000001e187989ff0
Event: 0.215 Thread 0x000001e12bbba040 Thread added: 0x000001e18798b6f0
Event: 0.215 Thread 0x000001e12bbba040 Thread added: 0x000001e18798db40
Event: 0.215 Thread 0x000001e12bbba040 Thread added: 0x000001e187991030
Event: 0.215 Thread 0x000001e12bbba040 Thread added: 0x000001e1879c3800
Event: 0.261 Thread 0x000001e12bbba040 Thread added: 0x000001e187aa38b0
Event: 0.599 Thread 0x000001e12bbba040 Thread added: 0x000001e187ce2c40
Event: 1.529 Thread 0x000001e12bbba040 Thread added: 0x000001e18c489a90


Dynamic libraries:
0x00007ff7d31b0000 - 0x00007ff7d31be000 	c:\Users\55119\.vscode\extensions\redhat.java-1.44.0-win32-x64\jre\21.0.8-win32-x86_64\bin\java.exe
0x00007fff7a0b0000 - 0x00007fff7a2c7000 	C:\WINDOWS\SYSTEM32\ntdll.dll
0x00007fff79280000 - 0x00007fff79344000 	C:\WINDOWS\System32\KERNEL32.DLL
0x00007fff77770000 - 0x00007fff77b42000 	C:\WINDOWS\System32\KERNELBASE.dll
0x00007fff77240000 - 0x00007fff77351000 	C:\WINDOWS\System32\ucrtbase.dll
0x00007fff50150000 - 0x00007fff50168000 	c:\Users\55119\.vscode\extensions\redhat.java-1.44.0-win32-x64\jre\21.0.8-win32-x86_64\bin\jli.dll
0x00007fff24710000 - 0x00007fff2472e000 	c:\Users\55119\.vscode\extensions\redhat.java-1.44.0-win32-x64\jre\21.0.8-win32-x86_64\bin\VCRUNTIME140.dll
0x00007fff77ec0000 - 0x00007fff78071000 	C:\WINDOWS\System32\USER32.dll
0x00007fff679e0000 - 0x00007fff67c7b000 	C:\WINDOWS\WinSxS\amd64_microsoft.windows.common-controls_6595b64144ccf1df_6.0.22621.5697_none_27154c497380d676\COMCTL32.dll
0x00007fff77550000 - 0x00007fff77576000 	C:\WINDOWS\System32\win32u.dll
0x00007fff78af0000 - 0x00007fff78b19000 	C:\WINDOWS\System32\GDI32.dll
0x00007fff79090000 - 0x00007fff79137000 	C:\WINDOWS\System32\msvcrt.dll
0x00007fff77360000 - 0x00007fff77483000 	C:\WINDOWS\System32\gdi32full.dll
0x00007fff771a0000 - 0x00007fff7723a000 	C:\WINDOWS\System32\msvcp_win.dll
0x00007fff78bc0000 - 0x00007fff78bf1000 	C:\WINDOWS\System32\IMM32.DLL
0x00007fff667d0000 - 0x00007fff667dc000 	c:\Users\55119\.vscode\extensions\redhat.java-1.44.0-win32-x64\jre\21.0.8-win32-x86_64\bin\vcruntime140_1.dll
0x00007ffeede90000 - 0x00007ffeedf1d000 	c:\Users\55119\.vscode\extensions\redhat.java-1.44.0-win32-x64\jre\21.0.8-win32-x86_64\bin\msvcp140.dll
0x00007ffe7d610000 - 0x00007ffe7e3a7000 	c:\Users\55119\.vscode\extensions\redhat.java-1.44.0-win32-x64\jre\21.0.8-win32-x86_64\bin\server\jvm.dll
0x00007fff79140000 - 0x00007fff791f1000 	C:\WINDOWS\System32\ADVAPI32.dll
0x00007fff78250000 - 0x00007fff782f8000 	C:\WINDOWS\System32\sechost.dll
0x00007fff77d10000 - 0x00007fff77d38000 	C:\WINDOWS\System32\bcrypt.dll
0x00007fff77da0000 - 0x00007fff77eb7000 	C:\WINDOWS\System32\RPCRT4.dll
0x00007fff794f0000 - 0x00007fff79561000 	C:\WINDOWS\System32\WS2_32.dll
0x00007fff77070000 - 0x00007fff770bd000 	C:\WINDOWS\SYSTEM32\POWRPROF.dll
0x00007fff71b50000 - 0x00007fff71b84000 	C:\WINDOWS\SYSTEM32\WINMM.dll
0x00007fff6c690000 - 0x00007fff6c69a000 	C:\WINDOWS\SYSTEM32\VERSION.dll
0x00007fff77050000 - 0x00007fff77063000 	C:\WINDOWS\SYSTEM32\UMPDC.dll
0x00007fff760a0000 - 0x00007fff760b8000 	C:\WINDOWS\SYSTEM32\kernel.appcore.dll
0x00007fff526a0000 - 0x00007fff526aa000 	c:\Users\55119\.vscode\extensions\redhat.java-1.44.0-win32-x64\jre\21.0.8-win32-x86_64\bin\jimage.dll
0x00007fff6e600000 - 0x00007fff6e833000 	C:\WINDOWS\SYSTEM32\DBGHELP.DLL
0x00007fff78370000 - 0x00007fff78702000 	C:\WINDOWS\System32\combase.dll
0x00007fff78a00000 - 0x00007fff78ad8000 	C:\WINDOWS\System32\OLEAUT32.dll
0x00007fff68a60000 - 0x00007fff68a92000 	C:\WINDOWS\SYSTEM32\dbgcore.DLL
0x00007fff77b50000 - 0x00007fff77bcb000 	C:\WINDOWS\System32\bcryptPrimitives.dll
0x00007fff517a0000 - 0x00007fff517af000 	c:\Users\55119\.vscode\extensions\redhat.java-1.44.0-win32-x64\jre\21.0.8-win32-x86_64\bin\instrument.dll
0x00007fff23a30000 - 0x00007fff23a4f000 	c:\Users\55119\.vscode\extensions\redhat.java-1.44.0-win32-x64\jre\21.0.8-win32-x86_64\bin\java.dll
0x00007fff797c0000 - 0x00007fff7a061000 	C:\WINDOWS\System32\SHELL32.dll
0x00007fff77bd0000 - 0x00007fff77d0f000 	C:\WINDOWS\System32\wintypes.dll
0x00007fff75030000 - 0x00007fff7594a000 	C:\WINDOWS\SYSTEM32\windows.storage.dll
0x00007fff796b0000 - 0x00007fff797bb000 	C:\WINDOWS\System32\SHCORE.dll
0x00007fff79640000 - 0x00007fff796a9000 	C:\WINDOWS\System32\shlwapi.dll
0x00007fff770d0000 - 0x00007fff770fb000 	C:\WINDOWS\SYSTEM32\profapi.dll
0x00007fff237f0000 - 0x00007fff23808000 	c:\Users\55119\.vscode\extensions\redhat.java-1.44.0-win32-x64\jre\21.0.8-win32-x86_64\bin\zip.dll
0x00007fff512a0000 - 0x00007fff512b0000 	C:\Users\55119\.vscode\extensions\redhat.java-1.44.0-win32-x64\jre\21.0.8-win32-x86_64\bin\net.dll
0x00007fff72170000 - 0x00007fff7229c000 	C:\WINDOWS\SYSTEM32\WINHTTP.dll
0x00007fff76600000 - 0x00007fff76669000 	C:\WINDOWS\system32\mswsock.dll
0x00007fff222f0000 - 0x00007fff22306000 	C:\Users\55119\.vscode\extensions\redhat.java-1.44.0-win32-x64\jre\21.0.8-win32-x86_64\bin\nio.dll
0x00007fff50740000 - 0x00007fff50750000 	c:\Users\55119\.vscode\extensions\redhat.java-1.44.0-win32-x64\jre\21.0.8-win32-x86_64\bin\verify.dll

JVMTI agents:
c:\Users\55119\.vscode\extensions\redhat.java-1.44.0-win32-x64\lombok\lombok-1.18.39-4050.jar path:c:\Users\55119\.vscode\extensions\redhat.java-1.44.0-win32-x64\jre\21.0.8-win32-x86_64\bin\instrument.dll, loaded, initialized, instrumentlib options:none

dbghelp: loaded successfully - version: 4.0.5 - missing functions: none
symbol engine: initialized successfully - sym options: 0x614 - pdb path: .;c:\Users\55119\.vscode\extensions\redhat.java-1.44.0-win32-x64\jre\21.0.8-win32-x86_64\bin;C:\WINDOWS\SYSTEM32;C:\WINDOWS\WinSxS\amd64_microsoft.windows.common-controls_6595b64144ccf1df_6.0.22621.5697_none_27154c497380d676;c:\Users\55119\.vscode\extensions\redhat.java-1.44.0-win32-x64\jre\21.0.8-win32-x86_64\bin\server

VM Arguments:
jvm_args: --add-modules=ALL-SYSTEM --add-opens=java.base/java.util=ALL-UNNAMED --add-opens=java.base/java.lang=ALL-UNNAMED --add-opens=java.base/sun.nio.fs=ALL-UNNAMED -Declipse.application=org.eclipse.jdt.ls.core.id1 -Dosgi.bundles.defaultStartLevel=4 -Declipse.product=org.eclipse.jdt.ls.core.product -Djava.import.generatesMetadataFilesAtProjectRoot=false -DDetectVMInstallationsJob.disabled=true -Dfile.encoding=utf8 -XX:+UseParallelGC -XX:GCTimeRatio=4 -XX:AdaptiveSizePolicyWeight=90 -Dsun.zip.disableMemoryMapping=true -Xmx2G -Xms100m -Xlog:disable -javaagent:c:\Users\55119\.vscode\extensions\redhat.java-1.44.0-win32-x64\lombok\lombok-1.18.39-4050.jar -XX:+HeapDumpOnOutOfMemoryError -XX:HeapDumpPath=c:\Users\55119\AppData\Roaming\Code\User\workspaceStorage\667c0acd4bf9e8bb9a0e661e0c277ef0\redhat.java -Daether.dependencyCollector.impl=bf 
java_command: c:\Users\55119\.vscode\extensions\redhat.java-1.44.0-win32-x64\server\plugins\org.eclipse.equinox.launcher_1.7.0.v20250519-0528.jar -configuration c:\Users\55119\AppData\Roaming\Code\User\globalStorage\redhat.java\1.44.0\config_win -data c:\Users\55119\AppData\Roaming\Code\User\workspaceStorage\667c0acd4bf9e8bb9a0e661e0c277ef0\redhat.java\jdt_ws --pipe=\\.\pipe\lsp-205825bd8a5fd1ad321e4b9b1f87f840-sock
java_class_path (initial): c:\Users\55119\.vscode\extensions\redhat.java-1.44.0-win32-x64\server\plugins\org.eclipse.equinox.launcher_1.7.0.v20250519-0528.jar
Launcher Type: SUN_STANDARD

[Global flags]
    uintx AdaptiveSizePolicyWeight                 = 90                                        {product} {command line}
     intx CICompilerCount                          = 4                                         {product} {ergonomic}
    uintx GCTimeRatio                              = 4                                         {product} {command line}
     bool HeapDumpOnOutOfMemoryError               = true                                   {manageable} {command line}
    ccstr HeapDumpPath                             = c:\Users\55119\AppData\Roaming\Code\User\workspaceStorage\667c0acd4bf9e8bb9a0e661e0c277ef0\redhat.java         {manageable} {command line}
   size_t InitialHeapSize                          = 104857600                                 {product} {command line}
   size_t MaxHeapSize                              = 2147483648                                {product} {command line}
   size_t MaxNewSize                               = 715653120                                 {product} {ergonomic}
   size_t MinHeapDeltaBytes                        = 524288                                    {product} {ergonomic}
   size_t MinHeapSize                              = 104857600                                 {product} {command line}
   size_t NewSize                                  = 34603008                                  {product} {ergonomic}
    uintx NonNMethodCodeHeapSize                   = 5839372                                {pd product} {ergonomic}
    uintx NonProfiledCodeHeapSize                  = 122909434                              {pd product} {ergonomic}
   size_t OldSize                                  = 70254592                                  {product} {ergonomic}
    uintx ProfiledCodeHeapSize                     = 122909434                              {pd product} {ergonomic}
    uintx ReservedCodeCacheSize                    = 251658240                              {pd product} {ergonomic}
     bool SegmentedCodeCache                       = true                                      {product} {ergonomic}
   size_t SoftMaxHeapSize                          = 2147483648                             {manageable} {ergonomic}
     bool UseCompressedOops                        = true                           {product lp64_product} {ergonomic}
     bool UseLargePagesIndividualAllocation        = false                                  {pd product} {ergonomic}
     bool UseParallelGC                            = true                                      {product} {command line}

Logging:
Log output configuration:
 #0: stdout all=off uptime,level,tags foldmultilines=false
 #1: stderr all=off uptime,level,tags foldmultilines=false

Environment Variables:
JAVA_HOME=C:\Program Files\Amazon Corretto\jdk21.0.8_9
PATH=C:\Program Files\Amazon Corretto\jdk21.0.8_9\bin;C:\Program Files\Common Files\Oracle\Java\javapath;C:\WINDOWS\system32;C:\WINDOWS;C:\WINDOWS\System32\Wbem;C:\WINDOWS\System32\WindowsPowerShell\v1.0\;C:\WINDOWS\System32\OpenSSH\;C:\Program Files\Java\apache-maven-3.9.9\bin;C:\Program Files\dotnet\;C:\Program Files\PowerShell\7-preview\preview;C:\Gradle\gradle-8.14.2\bin;C:\Program Files\GRADLE\gradle-8.14.2-all\gradle-8.14.2\bin;C:\Program Files\PowerShell\7\;C:\Program Files\Git\cmd;C:\Users\55119\AppData\Local\Microsoft\WindowsApps;;C:\Users\55119\AppData\Local\Programs\Microsoft VS Code\bin;C:\Users\55119\AppData\Local\Programs\mongosh\;C:\Users\55119\.dotnet\tools
USERNAME=55119
OS=Windows_NT
PROCESSOR_IDENTIFIER=AMD64 Family 23 Model 104 Stepping 1, AuthenticAMD
TMP=C:\Users\55119\AppData\Local\Temp
TEMP=C:\Users\55119\AppData\Local\Temp




Periodic native trim disabled

---------------  S Y S T E M  ---------------

OS:
 Windows 11 , 64 bit Build 22621 (10.0.22621.5415)
OS uptime: 6 days 12:11 hours
Hyper-V role detected

CPU: total 12 (initial active 12) (12 cores per cpu, 2 threads per core) family 23 model 104 stepping 1 microcode 0x0, cx8, cmov, fxsr, ht, mmx, 3dnowpref, sse, sse2, sse3, ssse3, sse4a, sse4.1, sse4.2, popcnt, lzcnt, tsc, tscinvbit, avx, avx2, aes, clmul, bmi1, bmi2, adx, sha, fma, vzeroupper, clflush, clflushopt, hv, rdtscp, rdpid, f16c
Processor Information for processor 0
  Max Mhz: 2100, Current Mhz: 2100, Mhz Limit: 2100
Processor Information for processor 1
  Max Mhz: 2100, Current Mhz: 2100, Mhz Limit: 2100
Processor Information for processor 2
  Max Mhz: 2100, Current Mhz: 1813, Mhz Limit: 2100
Processor Information for processor 3
  Max Mhz: 2100, Current Mhz: 2100, Mhz Limit: 2100
Processor Information for processor 4
  Max Mhz: 2100, Current Mhz: 1813, Mhz Limit: 2100
Processor Information for processor 5
  Max Mhz: 2100, Current Mhz: 2100, Mhz Limit: 2100
Processor Information for processor 6
  Max Mhz: 2100, Current Mhz: 2100, Mhz Limit: 2100
Processor Information for processor 7
  Max Mhz: 2100, Current Mhz: 1813, Mhz Limit: 2100
Processor Information for processor 8
  Max Mhz: 2100, Current Mhz: 2100, Mhz Limit: 2100
Processor Information for processor 9
  Max Mhz: 2100, Current Mhz: 2100, Mhz Limit: 2100
Processor Information for processor 10
  Max Mhz: 2100, Current Mhz: 1813, Mhz Limit: 2100
Processor Information for processor 11
  Max Mhz: 2100, Current Mhz: 1813, Mhz Limit: 2100

Memory: 4k page, system-wide physical 5989M (18M free)
TotalPageFile size 24421M (AvailPageFile size 0M)
current process WorkingSet (physical memory assigned to process): 86M, peak: 88M
current process commit charge ("private bytes"): 240M, peak: 245M

vm_info: OpenJDK 64-Bit Server VM (21.0.8+9-LTS) for windows-amd64 JRE (21.0.8+9-LTS), built on 2025-07-15T00:00:00Z by "admin" with MS VC++ 17.7 (VS2022)

END.
